<?xml version="1.0" encoding="utf-8"?><testsuites name="pytest tests"><testsuite name="pytest" errors="0" failures="0" skipped="0" tests="29" time="10.180" timestamp="2026-09-12T13:24:08.592289+08:00" hostname="LAPTOP-7JFQQ55G"><testcase classname="test_physical_semantics" name="test_reported_night_counterexample_is_rejected_then_repaired" time="0.072" /><testcase classname="test_physical_semantics" name="test_paid_contract_is_not_forced_import" time="0.000" /><testcase classname="test_physical_semantics" name="test_true_pv_curtailment" time="0.000" /><testcase classname="test_physical_semantics" name="test_no_emergency_funded_charge" time="0.000" /><testcase classname="test_physical_semantics" name="test_randomized_physical_invariants[1200]" time="0.016" /><testcase classname="test_physical_semantics" name="test_randomized_physical_invariants[6000]" time="0.013" /><testcase classname="test_physical_semantics" name="test_randomized_physical_invariants[10800]" time="0.013" /><testcase classname="test_physical_semantics" name="test_mpc_current_balance_limits" time="0.004" /><testcase classname="test_physical_semantics" name="test_future_observations_do_not_change_earlier_decisions" time="1.622" /><testcase classname="test_physical_semantics" name="test_bad_physical_inputs_fail_closed[nan]" time="0.001" /><testcase classname="test_physical_semantics" name="test_bad_physical_inputs_fail_closed[inf]" time="0.001" /><testcase classname="test_physical_semantics" name="test_bad_physical_inputs_fail_closed[-10]" time="0.001" /><testcase classname="test_q2_inheritance" name="test_forecast_interpolation_matches_original_exactly" time="1.219" /><testcase classname="test_q2_inheritance" name="test_zero_forecast_only_never_replans_intraday" time="0.240" /><testcase classname="test_q2_inheritance" name="test_disabled_forecast_and_scenarios_are_q2[0]" time="0.001" /><testcase classname="test_q2_inheritance" name="test_disabled_forecast_and_scenarios_are_q2[3]" time="0.001" /><testcase classname="test_q2_inheritance" name="test_disabled_forecast_and_scenarios_are_q2[31]" time="0.002" /><testcase classname="test_q2_inheritance" name="test_disabled_forecast_and_scenarios_are_q2[181]" time="0.002" /><testcase classname="test_q2_inheritance" name="test_disabled_forecast_and_scenarios_are_q2[364]" time="0.003" /><testcase classname="test_q2_inheritance" name="test_native_q2_solver_residuals_are_checked" time="0.704" /><testcase classname="test_q2_inheritance" name="test_no_revision_candidate_remains_feasible_and_no_worse_in_model[6]" time="0.513" /><testcase classname="test_q2_inheritance" name="test_no_revision_candidate_remains_feasible_and_no_worse_in_model[12]" time="0.479" /><testcase classname="test_q2_inheritance" name="test_no_revision_candidate_remains_feasible_and_no_worse_in_model[18]" time="0.431" /><testcase classname="test_q2_inheritance" name="test_future_day_valuation_never_becomes_a_current_contract" time="0.232" /><testcase classname="test_q2_inheritance" name="test_event_contract_never_reads_unrealized_data_or_unreleased_forecasts[0]" time="1.063" /><testcase classname="test_q2_inheritance" name="test_event_contract_never_reads_unrealized_data_or_unreleased_forecasts[6]" time="1.022" /><testcase classname="test_q2_inheritance" name="test_event_contract_never_reads_unrealized_data_or_unreleased_forecasts[12]" time="1.001" /><testcase classname="test_q2_inheritance" name="test_event_contract_never_reads_unrealized_data_or_unreleased_forecasts[18]" time="0.853" /><testcase classname="test_q2_inheritance" name="test_equal_contract_has_no_adjustment_fee_under_both_settlements" time="0.001" /></testsuite></testsuites>