<?xml version="1.0" encoding="utf-8"?><testsuites name="pytest tests"><testsuite name="pytest" errors="0" failures="0" skipped="0" tests="27" time="321.591" timestamp="2026-09-12T12:22:06.904445+08:00" hostname="LAPTOP-7JFQQ55G"><testcase classname="问题三.code.test_q2_inheritance" name="test_disabled_forecast_and_scenarios_are_q2[0]" time="7.991" /><testcase classname="问题三.code.test_q2_inheritance" name="test_disabled_forecast_and_scenarios_are_q2[3]" time="0.007" /><testcase classname="问题三.code.test_q2_inheritance" name="test_disabled_forecast_and_scenarios_are_q2[31]" time="0.012" /><testcase classname="问题三.code.test_q2_inheritance" name="test_disabled_forecast_and_scenarios_are_q2[181]" time="0.012" /><testcase classname="问题三.code.test_q2_inheritance" name="test_disabled_forecast_and_scenarios_are_q2[364]" time="0.013" /><testcase classname="问题三.code.test_q2_inheritance" name="test_native_q2_solver_residuals_are_checked" time="33.521" /><testcase classname="问题三.code.test_q2_inheritance" name="test_no_revision_candidate_remains_feasible_and_no_worse_in_model[6]" time="3.787" /><testcase classname="问题三.code.test_q2_inheritance" name="test_no_revision_candidate_remains_feasible_and_no_worse_in_model[12]" time="3.661" /><testcase classname="问题三.code.test_q2_inheritance" name="test_no_revision_candidate_remains_feasible_and_no_worse_in_model[18]" time="3.170" /><testcase classname="问题三.code.test_q2_inheritance" name="test_future_day_valuation_never_becomes_a_current_contract" time="1.337" /><testcase classname="问题三.code.test_q2_inheritance" name="test_event_contract_never_reads_unrealized_data_or_unreleased_forecasts[0]" time="31.766" /><testcase classname="问题三.code.test_q2_inheritance" name="test_event_contract_never_reads_unrealized_data_or_unreleased_forecasts[6]" time="34.058" /><testcase classname="问题三.code.test_q2_inheritance" name="test_event_contract_never_reads_unrealized_data_or_unreleased_forecasts[12]" time="28.894" /><testcase classname="问题三.code.test_q2_inheritance" name="test_event_contract_never_reads_unrealized_data_or_unreleased_forecasts[18]" time="32.580" /><testcase classname="问题三.code.test_q2_inheritance" name="test_equal_contract_has_no_adjustment_fee_under_both_settlements" time="0.004" /><testcase classname="问题三.code.test_physical_semantics" name="test_reported_night_counterexample_is_rejected_then_repaired" time="0.005" /><testcase classname="问题三.code.test_physical_semantics" name="test_paid_contract_is_not_forced_import" time="0.004" /><testcase classname="问题三.code.test_physical_semantics" name="test_true_pv_curtailment" time="0.003" /><testcase classname="问题三.code.test_physical_semantics" name="test_no_emergency_funded_charge" time="0.003" /><testcase classname="问题三.code.test_physical_semantics" name="test_randomized_physical_invariants[1200]" time="0.136" /><testcase classname="问题三.code.test_physical_semantics" name="test_randomized_physical_invariants[6000]" time="0.143" /><testcase classname="问题三.code.test_physical_semantics" name="test_randomized_physical_invariants[10800]" time="0.131" /><testcase classname="问题三.code.test_physical_semantics" name="test_mpc_current_balance_limits" time="0.018" /><testcase classname="问题三.code.test_physical_semantics" name="test_future_observations_do_not_change_earlier_decisions" time="79.976" /><testcase classname="问题三.code.test_physical_semantics" name="test_bad_physical_inputs_fail_closed[nan]" time="0.004" /><testcase classname="问题三.code.test_physical_semantics" name="test_bad_physical_inputs_fail_closed[inf]" time="0.003" /><testcase classname="问题三.code.test_physical_semantics" name="test_bad_physical_inputs_fail_closed[-10]" time="0.003" /></testsuite></testsuites>