<?xml version="1.0" encoding="utf-8"?><testsuites name="pytest tests"><testsuite name="pytest" errors="0" failures="0" skipped="0" tests="12" time="1.984" timestamp="2026-09-11T23:41:23.086147+08:00" hostname="LAPTOP-7JFQQ55G"><testcase classname="test_physical_semantics" name="test_reported_night_counterexample_is_rejected_then_repaired" time="0.069" /><testcase classname="test_physical_semantics" name="test_paid_contract_is_not_forced_import" time="0.000" /><testcase classname="test_physical_semantics" name="test_true_pv_curtailment" time="0.000" /><testcase classname="test_physical_semantics" name="test_no_emergency_funded_charge" time="0.000" /><testcase classname="test_physical_semantics" name="test_randomized_physical_invariants[1200]" time="0.015" /><testcase classname="test_physical_semantics" name="test_randomized_physical_invariants[6000]" time="0.012" /><testcase classname="test_physical_semantics" name="test_randomized_physical_invariants[10800]" time="0.012" /><testcase classname="test_physical_semantics" name="test_mpc_current_balance_limits" time="0.003" /><testcase classname="test_physical_semantics" name="test_future_observations_do_not_change_earlier_decisions" time="1.269" /><testcase classname="test_physical_semantics" name="test_bad_physical_inputs_fail_closed[nan]" time="0.000" /><testcase classname="test_physical_semantics" name="test_bad_physical_inputs_fail_closed[inf]" time="0.000" /><testcase classname="test_physical_semantics" name="test_bad_physical_inputs_fail_closed[-10]" time="0.000" /></testsuite></testsuites>